.gradle-build-r8fix/app/intermediates/manifest_merge_blame_file/release/processReleaseMainManifest/manifest-merger-blame-release-report.txt
1<?xml version="1.0" encoding="utf-8"?>
2<manifest xmlns:android="http://schemas.android.com/apk/res/android"
3    package="com.beoffline.app"
4    android:versionCode="1"
5    android:versionName="1.0.0" >
6
7    <uses-sdk
8        android:minSdkVersion="26"
9        android:targetSdkVersion="34" />
10
11    <!--
12         ======================================================================
13         PERMISSIONS
14         ======================================================================
15    -->
16
17
18    <!-- Core VPN permission — Android will show the system VPN consent dialog -->
19    <uses-permission android:name="android.permission.BIND_VPN_SERVICE" />
19-->src\main\AndroidManifest.xml:9:5-75
19-->src\main\AndroidManifest.xml:9:22-72
20
21    <!-- Required to enumerate installed packages for the app picker -->
22    <uses-permission android:name="android.permission.QUERY_ALL_PACKAGES" />
22-->src\main\AndroidManifest.xml:12:5-14:58
22-->src\main\AndroidManifest.xml:12:22-74
23
24    <!-- Scheduling: receive broadcast when device boots to restart active rules -->
25    <uses-permission android:name="android.permission.RECEIVE_BOOT_COMPLETED" />
25-->src\main\AndroidManifest.xml:17:5-81
25-->src\main\AndroidManifest.xml:17:22-78
26    <uses-permission android:name="android.permission.REQUEST_IGNORE_BATTERY_OPTIMIZATIONS" />
26-->src\main\AndroidManifest.xml:18:5-95
26-->src\main\AndroidManifest.xml:18:22-92
27
28    <!-- WorkManager & exact alarms for schedule enforcement -->
29    <uses-permission android:name="android.permission.SCHEDULE_EXACT_ALARM" />
29-->src\main\AndroidManifest.xml:21:5-79
29-->src\main\AndroidManifest.xml:21:22-76
30    <uses-permission android:name="android.permission.USE_EXACT_ALARM" />
30-->src\main\AndroidManifest.xml:22:5-74
30-->src\main\AndroidManifest.xml:22:22-71
31
32    <!-- Foreground service for the VPN (required Android 14+) -->
33    <uses-permission android:name="android.permission.FOREGROUND_SERVICE" />
33-->src\main\AndroidManifest.xml:25:5-77
33-->src\main\AndroidManifest.xml:25:22-74
34    <uses-permission android:name="android.permission.FOREGROUND_SERVICE_SPECIAL_USE" />
34-->src\main\AndroidManifest.xml:26:5-89
34-->src\main\AndroidManifest.xml:26:22-86
35
36    <!-- Needed to read/write VPN state in background -->
37    <uses-permission android:name="android.permission.INTERNET" />
37-->src\main\AndroidManifest.xml:29:5-67
37-->src\main\AndroidManifest.xml:29:22-64
38    <uses-permission android:name="android.permission.CHANGE_NETWORK_STATE" />
38-->src\main\AndroidManifest.xml:30:5-79
38-->src\main\AndroidManifest.xml:30:22-76
39    <uses-permission android:name="android.permission.ACCESS_NETWORK_STATE" />
39-->src\main\AndroidManifest.xml:31:5-79
39-->src\main\AndroidManifest.xml:31:22-76
40
41    <!-- Notification for the persistent VPN status notification (Android 13+) -->
42    <uses-permission android:name="android.permission.POST_NOTIFICATIONS" />
42-->src\main\AndroidManifest.xml:34:5-77
42-->src\main\AndroidManifest.xml:34:22-74
43
44    <!-- Wake locks to prevent WorkManager tasks from being killed -->
45    <uses-permission android:name="android.permission.WAKE_LOCK" />
45-->src\main\AndroidManifest.xml:37:5-68
45-->src\main\AndroidManifest.xml:37:22-65
46
47    <permission
47-->[androidx.core:core:1.13.1] AndroidManifest.xml:22:5-24:47
48        android:name="com.beoffline.app.DYNAMIC_RECEIVER_NOT_EXPORTED_PERMISSION"
48-->[androidx.core:core:1.13.1] AndroidManifest.xml:23:9-81
49        android:protectionLevel="signature" />
49-->[androidx.core:core:1.13.1] AndroidManifest.xml:24:9-44
50
51    <uses-permission android:name="com.beoffline.app.DYNAMIC_RECEIVER_NOT_EXPORTED_PERMISSION" />
51-->[androidx.core:core:1.13.1] AndroidManifest.xml:26:5-97
51-->[androidx.core:core:1.13.1] AndroidManifest.xml:26:22-94
52
53    <application
53-->src\main\AndroidManifest.xml:39:5-115:19
54        android:name="com.beoffline.app.BeOfflineApp"
54-->src\main\AndroidManifest.xml:40:9-37
55        android:allowBackup="true"
55-->src\main\AndroidManifest.xml:41:9-35
56        android:appComponentFactory="androidx.core.app.CoreComponentFactory"
56-->[androidx.core:core:1.13.1] AndroidManifest.xml:28:18-86
57        android:extractNativeLibs="false"
58        android:icon="@mipmap/ic_launcher"
58-->src\main\AndroidManifest.xml:42:9-43
59        android:label="@string/app_name"
59-->src\main\AndroidManifest.xml:43:9-41
60        android:roundIcon="@mipmap/ic_launcher"
60-->src\main\AndroidManifest.xml:44:9-48
61        android:supportsRtl="true"
61-->src\main\AndroidManifest.xml:45:9-35
62        android:theme="@style/Theme.BeOffline" >
62-->src\main\AndroidManifest.xml:46:9-47
63
64        <!--
65             ================================================================
66             MAIN ACTIVITY
67             ================================================================
68        -->
69        <activity
69-->src\main\AndroidManifest.xml:51:9-59:20
70            android:name="com.beoffline.app.MainActivity"
70-->src\main\AndroidManifest.xml:52:13-41
71            android:exported="true"
71-->src\main\AndroidManifest.xml:53:13-36
72            android:theme="@style/Theme.BeOffline" >
72-->src\main\AndroidManifest.xml:54:13-51
73            <intent-filter>
73-->src\main\AndroidManifest.xml:55:13-58:29
74                <action android:name="android.intent.action.MAIN" />
74-->src\main\AndroidManifest.xml:56:17-69
74-->src\main\AndroidManifest.xml:56:25-66
75
76                <category android:name="android.intent.category.LAUNCHER" />
76-->src\main\AndroidManifest.xml:57:17-77
76-->src\main\AndroidManifest.xml:57:27-74
77            </intent-filter>
78        </activity>
79
80        <!--
81             ================================================================
82             CORE VPN SERVICE
83             The android.permission.BIND_VPN_SERVICE ensures only the OS can
84             bind to this service. The service handles all packet routing.
85             ================================================================
86        -->
87        <service
87-->src\main\AndroidManifest.xml:66:9-78:19
88            android:name="com.beoffline.app.vpn.BeOfflineVpnService"
88-->src\main\AndroidManifest.xml:67:13-52
89            android:exported="false"
89-->src\main\AndroidManifest.xml:68:13-37
90            android:foregroundServiceType="specialUse"
90-->src\main\AndroidManifest.xml:71:13-55
91            android:label="BeOffline VPN"
91-->src\main\AndroidManifest.xml:69:13-42
92            android:permission="android.permission.BIND_VPN_SERVICE" >
92-->src\main\AndroidManifest.xml:70:13-69
93            <intent-filter>
93-->src\main\AndroidManifest.xml:72:13-74:29
94                <action android:name="android.net.VpnService" />
94-->src\main\AndroidManifest.xml:73:17-65
94-->src\main\AndroidManifest.xml:73:25-62
95            </intent-filter>
96
97            <meta-data
97-->src\main\AndroidManifest.xml:75:13-77:45
98                android:name="android.app.PROPERTY_SPECIAL_USE_FGS_SUBTYPE"
98-->src\main\AndroidManifest.xml:76:17-76
99                android:value="VpnTunnel" />
99-->src\main\AndroidManifest.xml:77:17-42
100        </service>
101
102        <!--
103             ================================================================
104             BOOT RECEIVER
105             Restarts the VPN when the device reboots if a rule was active.
106             ================================================================
107        -->
108        <receiver
108-->src\main\AndroidManifest.xml:84:9-91:20
109            android:name="com.beoffline.app.receiver.BootReceiver"
109-->src\main\AndroidManifest.xml:85:13-50
110            android:exported="true" >
110-->src\main\AndroidManifest.xml:86:13-36
111            <intent-filter>
111-->src\main\AndroidManifest.xml:87:13-90:29
112                <action android:name="android.intent.action.BOOT_COMPLETED" />
112-->src\main\AndroidManifest.xml:88:17-79
112-->src\main\AndroidManifest.xml:88:25-76
113                <action android:name="android.intent.action.MY_PACKAGE_REPLACED" />
113-->src\main\AndroidManifest.xml:89:17-84
113-->src\main\AndroidManifest.xml:89:25-81
114            </intent-filter>
115        </receiver>
116
117        <!--
118             ================================================================
119             SCHEDULE TRIGGER RECEIVER
120             WorkManager alarm for schedule start/end events.
121             ================================================================
122        -->
123        <receiver
123-->src\main\AndroidManifest.xml:97:9-99:40
124            android:name="com.beoffline.app.receiver.ScheduleAlarmReceiver"
124-->src\main\AndroidManifest.xml:98:13-59
125            android:exported="false" />
125-->src\main\AndroidManifest.xml:99:13-37
126        <receiver
126-->src\main\AndroidManifest.xml:101:9-103:40
127            android:name="com.beoffline.app.receiver.VpnRecoveryReceiver"
127-->src\main\AndroidManifest.xml:102:13-57
128            android:exported="false" />
128-->src\main\AndroidManifest.xml:103:13-37
129
130        <!-- WorkManager provider (auto-initialized) -->
131        <provider
132            android:name="androidx.startup.InitializationProvider"
132-->src\main\AndroidManifest.xml:107:13-67
133            android:authorities="com.beoffline.app.androidx-startup"
133-->src\main\AndroidManifest.xml:108:13-68
134            android:exported="false" >
134-->src\main\AndroidManifest.xml:109:13-37
135            <meta-data
135-->src\main\AndroidManifest.xml:110:13-112:52
136                android:name="androidx.work.WorkManagerInitializer"
136-->src\main\AndroidManifest.xml:111:17-68
137                android:value="androidx.startup" />
137-->src\main\AndroidManifest.xml:112:17-49
138            <meta-data
138-->[androidx.emoji2:emoji2:1.3.0] AndroidManifest.xml:29:13-31:52
139                android:name="androidx.emoji2.text.EmojiCompatInitializer"
139-->[androidx.emoji2:emoji2:1.3.0] AndroidManifest.xml:30:17-75
140                android:value="androidx.startup" />
140-->[androidx.emoji2:emoji2:1.3.0] AndroidManifest.xml:31:17-49
141            <meta-data
141-->[androidx.lifecycle:lifecycle-process:2.8.3] AndroidManifest.xml:29:13-31:52
142                android:name="androidx.lifecycle.ProcessLifecycleInitializer"
142-->[androidx.lifecycle:lifecycle-process:2.8.3] AndroidManifest.xml:30:17-78
143                android:value="androidx.startup" />
143-->[androidx.lifecycle:lifecycle-process:2.8.3] AndroidManifest.xml:31:17-49
144            <meta-data
144-->[androidx.profileinstaller:profileinstaller:1.3.1] AndroidManifest.xml:29:13-31:52
145                android:name="androidx.profileinstaller.ProfileInstallerInitializer"
145-->[androidx.profileinstaller:profileinstaller:1.3.1] AndroidManifest.xml:30:17-85
146                android:value="androidx.startup" />
146-->[androidx.profileinstaller:profileinstaller:1.3.1] AndroidManifest.xml:31:17-49
147        </provider>
148
149        <service
149-->[androidx.work:work-runtime:2.9.0] AndroidManifest.xml:39:9-45:35
150            android:name="androidx.work.impl.background.systemalarm.SystemAlarmService"
150-->[androidx.work:work-runtime:2.9.0] AndroidManifest.xml:40:13-88
151            android:directBootAware="false"
151-->[androidx.work:work-runtime:2.9.0] AndroidManifest.xml:41:13-44
152            android:enabled="@bool/enable_system_alarm_service_default"
152-->[androidx.work:work-runtime:2.9.0] AndroidManifest.xml:42:13-72
153            android:exported="false" />
153-->[androidx.work:work-runtime:2.9.0] AndroidManifest.xml:43:13-37
154        <service
154-->[androidx.work:work-runtime:2.9.0] AndroidManifest.xml:46:9-52:35
155            android:name="androidx.work.impl.background.systemjob.SystemJobService"
155-->[androidx.work:work-runtime:2.9.0] AndroidManifest.xml:47:13-84
156            android:directBootAware="false"
156-->[androidx.work:work-runtime:2.9.0] AndroidManifest.xml:48:13-44
157            android:enabled="@bool/enable_system_job_service_default"
157-->[androidx.work:work-runtime:2.9.0] AndroidManifest.xml:49:13-70
158            android:exported="true"
158-->[androidx.work:work-runtime:2.9.0] AndroidManifest.xml:50:13-36
159            android:permission="android.permission.BIND_JOB_SERVICE" />
159-->[androidx.work:work-runtime:2.9.0] AndroidManifest.xml:51:13-69
160        <service
160-->[androidx.work:work-runtime:2.9.0] AndroidManifest.xml:53:9-59:35
161            android:name="androidx.work.impl.foreground.SystemForegroundService"
161-->[androidx.work:work-runtime:2.9.0] AndroidManifest.xml:54:13-81
162            android:directBootAware="false"
162-->[androidx.work:work-runtime:2.9.0] AndroidManifest.xml:55:13-44
163            android:enabled="@bool/enable_system_foreground_service_default"
163-->[androidx.work:work-runtime:2.9.0] AndroidManifest.xml:56:13-77
164            android:exported="false" />
164-->[androidx.work:work-runtime:2.9.0] AndroidManifest.xml:57:13-37
165
166        <receiver
166-->[androidx.work:work-runtime:2.9.0] AndroidManifest.xml:61:9-66:35
167            android:name="androidx.work.impl.utils.ForceStopRunnable$BroadcastReceiver"
167-->[androidx.work:work-runtime:2.9.0] AndroidManifest.xml:62:13-88
168            android:directBootAware="false"
168-->[androidx.work:work-runtime:2.9.0] AndroidManifest.xml:63:13-44
169            android:enabled="true"
169-->[androidx.work:work-runtime:2.9.0] AndroidManifest.xml:64:13-35
170            android:exported="false" />
170-->[androidx.work:work-runtime:2.9.0] AndroidManifest.xml:65:13-37
171        <receiver
171-->[androidx.work:work-runtime:2.9.0] AndroidManifest.xml:67:9-77:20
172            android:name="androidx.work.impl.background.systemalarm.ConstraintProxy$BatteryChargingProxy"
172-->[androidx.work:work-runtime:2.9.0] AndroidManifest.xml:68:13-106
173            android:directBootAware="false"
173-->[androidx.work:work-runtime:2.9.0] AndroidManifest.xml:69:13-44
174            android:enabled="false"
174-->[androidx.work:work-runtime:2.9.0] AndroidManifest.xml:70:13-36
175            android:exported="false" >
175-->[androidx.work:work-runtime:2.9.0] AndroidManifest.xml:71:13-37
176            <intent-filter>
176-->[androidx.work:work-runtime:2.9.0] AndroidManifest.xml:73:13-76:29
177                <action android:name="android.intent.action.ACTION_POWER_CONNECTED" />
177-->[androidx.work:work-runtime:2.9.0] AndroidManifest.xml:74:17-87
177-->[androidx.work:work-runtime:2.9.0] AndroidManifest.xml:74:25-84
178                <action android:name="android.intent.action.ACTION_POWER_DISCONNECTED" />
178-->[androidx.work:work-runtime:2.9.0] AndroidManifest.xml:75:17-90
178-->[androidx.work:work-runtime:2.9.0] AndroidManifest.xml:75:25-87
179            </intent-filter>
180        </receiver>
181        <receiver
181-->[androidx.work:work-runtime:2.9.0] AndroidManifest.xml:78:9-88:20
182            android:name="androidx.work.impl.background.systemalarm.ConstraintProxy$BatteryNotLowProxy"
182-->[androidx.work:work-runtime:2.9.0] AndroidManifest.xml:79:13-104
183            android:directBootAware="false"
183-->[androidx.work:work-runtime:2.9.0] AndroidManifest.xml:80:13-44
184            android:enabled="false"
184-->[androidx.work:work-runtime:2.9.0] AndroidManifest.xml:81:13-36
185            android:exported="false" >
185-->[androidx.work:work-runtime:2.9.0] AndroidManifest.xml:82:13-37
186            <intent-filter>
186-->[androidx.work:work-runtime:2.9.0] AndroidManifest.xml:84:13-87:29
187                <action android:name="android.intent.action.BATTERY_OKAY" />
187-->[androidx.work:work-runtime:2.9.0] AndroidManifest.xml:85:17-77
187-->[androidx.work:work-runtime:2.9.0] AndroidManifest.xml:85:25-74
188                <action android:name="android.intent.action.BATTERY_LOW" />
188-->[androidx.work:work-runtime:2.9.0] AndroidManifest.xml:86:17-76
188-->[androidx.work:work-runtime:2.9.0] AndroidManifest.xml:86:25-73
189            </intent-filter>
190        </receiver>
191        <receiver
191-->[androidx.work:work-runtime:2.9.0] AndroidManifest.xml:89:9-99:20
192            android:name="androidx.work.impl.background.systemalarm.ConstraintProxy$StorageNotLowProxy"
192-->[androidx.work:work-runtime:2.9.0] AndroidManifest.xml:90:13-104
193            android:directBootAware="false"
193-->[androidx.work:work-runtime:2.9.0] AndroidManifest.xml:91:13-44
194            android:enabled="false"
194-->[androidx.work:work-runtime:2.9.0] AndroidManifest.xml:92:13-36
195            android:exported="false" >
195-->[androidx.work:work-runtime:2.9.0] AndroidManifest.xml:93:13-37
196            <intent-filter>
196-->[androidx.work:work-runtime:2.9.0] AndroidManifest.xml:95:13-98:29
197                <action android:name="android.intent.action.DEVICE_STORAGE_LOW" />
197-->[androidx.work:work-runtime:2.9.0] AndroidManifest.xml:96:17-83
197-->[androidx.work:work-runtime:2.9.0] AndroidManifest.xml:96:25-80
198                <action android:name="android.intent.action.DEVICE_STORAGE_OK" />
198-->[androidx.work:work-runtime:2.9.0] AndroidManifest.xml:97:17-82
198-->[androidx.work:work-runtime:2.9.0] AndroidManifest.xml:97:25-79
199            </intent-filter>
200        </receiver>
201        <receiver
201-->[androidx.work:work-runtime:2.9.0] AndroidManifest.xml:100:9-109:20
202            android:name="androidx.work.impl.background.systemalarm.ConstraintProxy$NetworkStateProxy"
202-->[androidx.work:work-runtime:2.9.0] AndroidManifest.xml:101:13-103
203            android:directBootAware="false"
203-->[androidx.work:work-runtime:2.9.0] AndroidManifest.xml:102:13-44
204            android:enabled="false"
204-->[androidx.work:work-runtime:2.9.0] AndroidManifest.xml:103:13-36
205            android:exported="false" >
205-->[androidx.work:work-runtime:2.9.0] AndroidManifest.xml:104:13-37
206            <intent-filter>
206-->[androidx.work:work-runtime:2.9.0] AndroidManifest.xml:106:13-108:29
207                <action android:name="android.net.conn.CONNECTIVITY_CHANGE" />
207-->[androidx.work:work-runtime:2.9.0] AndroidManifest.xml:107:17-79
207-->[androidx.work:work-runtime:2.9.0] AndroidManifest.xml:107:25-76
208            </intent-filter>
209        </receiver>
210        <receiver
210-->[androidx.work:work-runtime:2.9.0] AndroidManifest.xml:110:9-121:20
211            android:name="androidx.work.impl.background.systemalarm.RescheduleReceiver"
211-->[androidx.work:work-runtime:2.9.0] AndroidManifest.xml:111:13-88
212            android:directBootAware="false"
212-->[androidx.work:work-runtime:2.9.0] AndroidManifest.xml:112:13-44
213            android:enabled="false"
213-->[androidx.work:work-runtime:2.9.0] AndroidManifest.xml:113:13-36
214            android:exported="false" >
214-->[androidx.work:work-runtime:2.9.0] AndroidManifest.xml:114:13-37
215            <intent-filter>
215-->[androidx.work:work-runtime:2.9.0] AndroidManifest.xml:116:13-120:29
216                <action android:name="android.intent.action.BOOT_COMPLETED" />
216-->src\main\AndroidManifest.xml:88:17-79
216-->src\main\AndroidManifest.xml:88:25-76
217                <action android:name="android.intent.action.TIME_SET" />
217-->[androidx.work:work-runtime:2.9.0] AndroidManifest.xml:118:17-73
217-->[androidx.work:work-runtime:2.9.0] AndroidManifest.xml:118:25-70
218                <action android:name="android.intent.action.TIMEZONE_CHANGED" />
218-->[androidx.work:work-runtime:2.9.0] AndroidManifest.xml:119:17-81
218-->[androidx.work:work-runtime:2.9.0] AndroidManifest.xml:119:25-78
219            </intent-filter>
220        </receiver>
221        <receiver
221-->[androidx.work:work-runtime:2.9.0] AndroidManifest.xml:122:9-131:20
222            android:name="androidx.work.impl.background.systemalarm.ConstraintProxyUpdateReceiver"
222-->[androidx.work:work-runtime:2.9.0] AndroidManifest.xml:123:13-99
223            android:directBootAware="false"
223-->[androidx.work:work-runtime:2.9.0] AndroidManifest.xml:124:13-44
224            android:enabled="@bool/enable_system_alarm_service_default"
224-->[androidx.work:work-runtime:2.9.0] AndroidManifest.xml:125:13-72
225            android:exported="false" >
225-->[androidx.work:work-runtime:2.9.0] AndroidManifest.xml:126:13-37
226            <intent-filter>
226-->[androidx.work:work-runtime:2.9.0] AndroidManifest.xml:128:13-130:29
227                <action android:name="androidx.work.impl.background.systemalarm.UpdateProxies" />
227-->[androidx.work:work-runtime:2.9.0] AndroidManifest.xml:129:17-98
227-->[androidx.work:work-runtime:2.9.0] AndroidManifest.xml:129:25-95
228            </intent-filter>
229        </receiver>
230        <receiver
230-->[androidx.work:work-runtime:2.9.0] AndroidManifest.xml:132:9-142:20
231            android:name="androidx.work.impl.diagnostics.DiagnosticsReceiver"
231-->[androidx.work:work-runtime:2.9.0] AndroidManifest.xml:133:13-78
232            android:directBootAware="false"
232-->[androidx.work:work-runtime:2.9.0] AndroidManifest.xml:134:13-44
233            android:enabled="true"
233-->[androidx.work:work-runtime:2.9.0] AndroidManifest.xml:135:13-35
234            android:exported="true"
234-->[androidx.work:work-runtime:2.9.0] AndroidManifest.xml:136:13-36
235            android:permission="android.permission.DUMP" >
235-->[androidx.work:work-runtime:2.9.0] AndroidManifest.xml:137:13-57
236            <intent-filter>
236-->[androidx.work:work-runtime:2.9.0] AndroidManifest.xml:139:13-141:29
237                <action android:name="androidx.work.diagnostics.REQUEST_DIAGNOSTICS" />
237-->[androidx.work:work-runtime:2.9.0] AndroidManifest.xml:140:17-88
237-->[androidx.work:work-runtime:2.9.0] AndroidManifest.xml:140:25-85
238            </intent-filter>
239        </receiver>
240
241        <service
241-->[com.google.firebase:firebase-crashlytics:20.0.3] AndroidManifest.xml:12:9-21:19
242            android:name="com.google.firebase.components.ComponentDiscoveryService"
242-->[com.google.firebase:firebase-crashlytics:20.0.3] AndroidManifest.xml:13:13-84
243            android:directBootAware="true"
243-->[com.google.firebase:firebase-common:22.0.1] AndroidManifest.xml:32:13-43
244            android:exported="false" >
244-->[com.google.firebase:firebase-crashlytics:20.0.3] AndroidManifest.xml:14:13-37
245            <meta-data
245-->[com.google.firebase:firebase-crashlytics:20.0.3] AndroidManifest.xml:15:13-17:85
246                android:name="com.google.firebase.components:com.google.firebase.crashlytics.FirebaseCrashlyticsKtxRegistrar"
246-->[com.google.firebase:firebase-crashlytics:20.0.3] AndroidManifest.xml:16:17-126
247                android:value="com.google.firebase.components.ComponentRegistrar" />
247-->[com.google.firebase:firebase-crashlytics:20.0.3] AndroidManifest.xml:17:17-82
248            <meta-data
248-->[com.google.firebase:firebase-crashlytics:20.0.3] AndroidManifest.xml:18:13-20:85
249                android:name="com.google.firebase.components:com.google.firebase.crashlytics.CrashlyticsRegistrar"
249-->[com.google.firebase:firebase-crashlytics:20.0.3] AndroidManifest.xml:19:17-115
250                android:value="com.google.firebase.components.ComponentRegistrar" />
250-->[com.google.firebase:firebase-crashlytics:20.0.3] AndroidManifest.xml:20:17-82
251            <meta-data
251-->[com.google.firebase:firebase-sessions:3.0.3] AndroidManifest.xml:25:13-27:85
252                android:name="com.google.firebase.components:com.google.firebase.sessions.FirebaseSessionsRegistrar"
252-->[com.google.firebase:firebase-sessions:3.0.3] AndroidManifest.xml:26:17-117
253                android:value="com.google.firebase.components.ComponentRegistrar" />
253-->[com.google.firebase:firebase-sessions:3.0.3] AndroidManifest.xml:27:17-82
254            <meta-data
254-->[com.google.firebase:firebase-installations:19.0.1] AndroidManifest.xml:15:13-17:85
255                android:name="com.google.firebase.components:com.google.firebase.installations.FirebaseInstallationsKtxRegistrar"
255-->[com.google.firebase:firebase-installations:19.0.1] AndroidManifest.xml:16:17-130
256                android:value="com.google.firebase.components.ComponentRegistrar" />
256-->[com.google.firebase:firebase-installations:19.0.1] AndroidManifest.xml:17:17-82
257            <meta-data
257-->[com.google.firebase:firebase-installations:19.0.1] AndroidManifest.xml:18:13-20:85
258                android:name="com.google.firebase.components:com.google.firebase.installations.FirebaseInstallationsRegistrar"
258-->[com.google.firebase:firebase-installations:19.0.1] AndroidManifest.xml:19:17-127
259                android:value="com.google.firebase.components.ComponentRegistrar" />
259-->[com.google.firebase:firebase-installations:19.0.1] AndroidManifest.xml:20:17-82
260            <meta-data
260-->[com.google.firebase:firebase-common:22.0.1] AndroidManifest.xml:35:13-37:85
261                android:name="com.google.firebase.components:com.google.firebase.FirebaseCommonKtxRegistrar"
261-->[com.google.firebase:firebase-common:22.0.1] AndroidManifest.xml:36:17-109
262                android:value="com.google.firebase.components.ComponentRegistrar" />
262-->[com.google.firebase:firebase-common:22.0.1] AndroidManifest.xml:37:17-82
263            <meta-data
263-->[com.google.firebase:firebase-datatransport:19.0.0] AndroidManifest.xml:25:13-27:85
264                android:name="com.google.firebase.components:com.google.firebase.datatransport.TransportRegistrar"
264-->[com.google.firebase:firebase-datatransport:19.0.0] AndroidManifest.xml:26:17-115
265                android:value="com.google.firebase.components.ComponentRegistrar" />
265-->[com.google.firebase:firebase-datatransport:19.0.0] AndroidManifest.xml:27:17-82
266        </service>
267
268        <provider
268-->[com.google.firebase:firebase-common:22.0.1] AndroidManifest.xml:23:9-28:39
269            android:name="com.google.firebase.provider.FirebaseInitProvider"
269-->[com.google.firebase:firebase-common:22.0.1] AndroidManifest.xml:24:13-77
270            android:authorities="com.beoffline.app.firebaseinitprovider"
270-->[com.google.firebase:firebase-common:22.0.1] AndroidManifest.xml:25:13-72
271            android:directBootAware="true"
271-->[com.google.firebase:firebase-common:22.0.1] AndroidManifest.xml:26:13-43
272            android:exported="false"
272-->[com.google.firebase:firebase-common:22.0.1] AndroidManifest.xml:27:13-37
273            android:initOrder="100" />
273-->[com.google.firebase:firebase-common:22.0.1] AndroidManifest.xml:28:13-36
274
275        <service
275-->[androidx.room:room-runtime:2.6.1] AndroidManifest.xml:24:9-28:63
276            android:name="androidx.room.MultiInstanceInvalidationService"
276-->[androidx.room:room-runtime:2.6.1] AndroidManifest.xml:25:13-74
277            android:directBootAware="true"
277-->[androidx.room:room-runtime:2.6.1] AndroidManifest.xml:26:13-43
278            android:exported="false" />
278-->[androidx.room:room-runtime:2.6.1] AndroidManifest.xml:27:13-37
279
280        <meta-data
280-->[com.google.android.gms:play-services-basement:18.3.0] AndroidManifest.xml:21:9-23:69
281            android:name="com.google.android.gms.version"
281-->[com.google.android.gms:play-services-basement:18.3.0] AndroidManifest.xml:22:13-58
282            android:value="@integer/google_play_services_version" />
282-->[com.google.android.gms:play-services-basement:18.3.0] AndroidManifest.xml:23:13-66
283
284        <service
284-->[com.google.android.datatransport:transport-backend-cct:3.3.0] AndroidManifest.xml:26:9-32:19
285            android:name="com.google.android.datatransport.runtime.backends.TransportBackendDiscovery"
285-->[com.google.android.datatransport:transport-backend-cct:3.3.0] AndroidManifest.xml:27:13-103
286            android:exported="false" >
286-->[com.google.android.datatransport:transport-backend-cct:3.3.0] AndroidManifest.xml:28:13-37
287            <meta-data
287-->[com.google.android.datatransport:transport-backend-cct:3.3.0] AndroidManifest.xml:29:13-31:39
288                android:name="backend:com.google.android.datatransport.cct.CctBackendFactory"
288-->[com.google.android.datatransport:transport-backend-cct:3.3.0] AndroidManifest.xml:30:17-94
289                android:value="cct" />
289-->[com.google.android.datatransport:transport-backend-cct:3.3.0] AndroidManifest.xml:31:17-36
290        </service>
291        <service
291-->[com.google.android.datatransport:transport-runtime:3.3.0] AndroidManifest.xml:24:9-28:19
292            android:name="com.google.android.datatransport.runtime.scheduling.jobscheduling.JobInfoSchedulerService"
292-->[com.google.android.datatransport:transport-runtime:3.3.0] AndroidManifest.xml:25:13-117
293            android:exported="false"
293-->[com.google.android.datatransport:transport-runtime:3.3.0] AndroidManifest.xml:26:13-37
294            android:permission="android.permission.BIND_JOB_SERVICE" >
294-->[com.google.android.datatransport:transport-runtime:3.3.0] AndroidManifest.xml:27:13-69
295        </service>
296
297        <receiver
297-->[com.google.android.datatransport:transport-runtime:3.3.0] AndroidManifest.xml:30:9-32:40
298            android:name="com.google.android.datatransport.runtime.scheduling.jobscheduling.AlarmManagerSchedulerBroadcastReceiver"
298-->[com.google.android.datatransport:transport-runtime:3.3.0] AndroidManifest.xml:31:13-132
299            android:exported="false" />
299-->[com.google.android.datatransport:transport-runtime:3.3.0] AndroidManifest.xml:32:13-37
300        <receiver
300-->[androidx.profileinstaller:profileinstaller:1.3.1] AndroidManifest.xml:34:9-52:20
301            android:name="androidx.profileinstaller.ProfileInstallReceiver"
301-->[androidx.profileinstaller:profileinstaller:1.3.1] AndroidManifest.xml:35:13-76